\BOOKMARK [1][-]{section.1}{\376\377\000P\000u\000r\000p\000o\000s\000e\000\040\000a\000n\000d\000\040\000S\000c\000o\000p\000e}{}% 1
\BOOKMARK [1][-]{section.2}{\376\377\000H\000i\000g\000h\000-\000L\000e\000v\000e\000l\000\040\000C\000a\000l\000i\000b\000r\000a\000t\000i\000o\000n\000\040\000M\000o\000d\000e\000l}{}% 2
\BOOKMARK [1][-]{section.3}{\376\377\000I\000n\000p\000u\000t\000s\000\040\000a\000n\000d\000\040\000I\000n\000t\000e\000r\000n\000a\000l\000\040\000D\000a\000t\000a\000\040\000P\000r\000o\000d\000u\000c\000t\000s}{}% 3
\BOOKMARK [2][-]{subsection.3.1}{\376\377\000S\000u\000p\000p\000o\000r\000t\000e\000d\000\040\000I\000n\000p\000u\000t\000s}{section.3}% 4
\BOOKMARK [2][-]{subsection.3.2}{\376\377\000R\000e\000f\000e\000r\000e\000n\000c\000e\000\040\000F\000r\000a\000m\000e\000s\000\040\000a\000n\000d\000\040\000S\000y\000m\000b\000o\000l\000s}{section.3}% 5
\BOOKMARK [1][-]{section.4}{\376\377\000P\000r\000e\000-\000C\000o\000r\000r\000e\000c\000t\000i\000o\000n\000\040\000o\000f\000\040\000F\000i\000n\000e\000-\000C\000h\000a\000n\000n\000e\000l\000\040\000V\000i\000s\000i\000b\000i\000l\000i\000t\000i\000e\000s}{}% 6
\BOOKMARK [2][-]{subsection.4.1}{\376\377\000F\000e\000e\000d\000\040\000R\000o\000t\000a\000t\000i\000o\000n\000\040\000a\000n\000d\000\040\000P\000a\000r\000a\000l\000l\000a\000c\000t\000i\000c\000-\000A\000n\000g\000l\000e\000\040\000H\000a\000n\000d\000l\000i\000n\000g}{section.4}% 7
\BOOKMARK [2][-]{subsection.4.2}{\376\377\000T\000i\000m\000e\000-\000D\000r\000i\000f\000t\000\040\000C\000o\000r\000r\000e\000c\000t\000i\000o\000n}{section.4}% 8
\BOOKMARK [1][-]{section.5}{\376\377\000U\000n\000i\000f\000o\000r\000m\000\040\000I\000n\000-\000B\000a\000n\000d\000\040\000D\000e\000l\000a\000y\000\040\000S\000o\000l\000u\000t\000i\000o\000n}{}% 9
\BOOKMARK [2][-]{subsection.5.1}{\376\377\000P\000e\000r\000-\000B\000a\000n\000d\000\040\000L\000i\000n\000e\000a\000r\000\040\000P\000h\000a\000s\000e\000\040\000F\000i\000t}{section.5}% 10
\BOOKMARK [2][-]{subsection.5.2}{\376\377\000N\000o\000t\000e\000b\000o\000o\000k\000-\000M\000a\000t\000c\000h\000e\000d\000\040\000W\000e\000i\000g\000h\000t\000e\000d\000\040\000M\000e\000a\000n}{section.5}% 11
\BOOKMARK [2][-]{subsection.5.3}{\376\377\000A\000p\000p\000l\000i\000e\000d\000\040\000D\000e\000l\000a\000y\000\040\000C\000o\000n\000v\000e\000n\000t\000i\000o\000n}{section.5}% 12
\BOOKMARK [1][-]{section.6}{\376\377\000D\000e\000l\000a\000y\000-\000S\000o\000l\000u\000t\000i\000o\000n\000\040\000S\000t\000a\000t\000e}{}% 13
\BOOKMARK [1][-]{section.7}{\376\377\000R\000e\000l\000a\000t\000i\000v\000e\000\040\000P\000h\000a\000s\000e\000\040\000M\000o\000d\000e\000l}{}% 14
\BOOKMARK [2][-]{subsection.7.1}{\376\377\000R\000e\000f\000e\000r\000e\000n\000c\000e\000\040\000C\000o\000n\000v\000e\000n\000t\000i\000o\000n}{section.7}% 15
\BOOKMARK [2][-]{subsection.7.2}{\376\377\000J\000o\000i\000n\000t\000\040\000X\000/\000Y\000\040\000C\000o\000n\000s\000t\000r\000a\000i\000n\000t}{section.7}% 16
\BOOKMARK [2][-]{subsection.7.3}{\376\377\000A\000n\000t\000e\000n\000n\000a\000-\000D\000e\000p\000e\000n\000d\000e\000n\000t\000\040\000M\000o\000d\000e\000l\000\040\000C\000l\000a\000s\000s}{section.7}% 17
\BOOKMARK [2][-]{subsection.7.4}{\376\377\000M\000a\000n\000u\000a\000l\000\040\000R\000e\000l\000a\000t\000i\000v\000e\000\040\000C\000o\000r\000r\000e\000c\000t\000i\000o\000n}{section.7}% 18
\BOOKMARK [1][-]{section.8}{\376\377\000R\000e\000s\000i\000d\000u\000a\000l\000\040\000D\000i\000a\000g\000n\000o\000s\000t\000i\000c\000s}{}% 19
\BOOKMARK [2][-]{subsection.8.1}{\376\377\000P\000e\000r\000-\000B\000a\000n\000d\000\040\000R\000e\000s\000i\000d\000u\000a\000l\000\040\000P\000h\000a\000s\000e}{section.8}% 20
\BOOKMARK [2][-]{subsection.8.2}{\376\377\000R\000e\000s\000i\000d\000u\000a\000l\000\040\000D\000e\000l\000a\000y\000\040\000P\000e\000r\000\040\000B\000a\000n\000d}{section.8}% 21
\BOOKMARK [2][-]{subsection.8.3}{\376\377\000R\000e\000s\000i\000d\000u\000a\000l\000-\000S\000p\000e\000c\000i\000f\000i\000c\000\040\000M\000a\000s\000k\000i\000n\000g}{section.8}% 22
\BOOKMARK [2][-]{subsection.8.4}{\376\377\000A\000p\000p\000l\000y\000\040\000R\000e\000s\000i\000d\000u\000a\000l\000\040\000F\000i\000t}{section.8}% 23
\BOOKMARK [1][-]{section.9}{\376\377\000A\000u\000t\000o\000m\000a\000t\000i\000c\000\040\000a\000n\000d\000\040\000M\000a\000n\000u\000a\000l\000\040\000A\000n\000t\000e\000n\000n\000a\000\040\000F\000l\000a\000g\000g\000i\000n\000g}{}% 24
\BOOKMARK [2][-]{subsection.9.1}{\376\377\000Y\000-\000X\000\040\000R\000e\000s\000i\000d\000u\000a\000l\000\040\000R\000M\000S}{section.9}% 25
\BOOKMARK [2][-]{subsection.9.2}{\376\377\000F\000l\000a\000g\000\040\000L\000a\000y\000e\000r\000s}{section.9}% 26
\BOOKMARK [1][-]{section.10}{\376\377\000T\000i\000m\000e\000\040\000M\000a\000s\000k\000i\000n\000g}{}% 27
\BOOKMARK [1][-]{section.11}{\376\377\000S\000c\000a\000n\000\040\000C\000l\000a\000s\000s\000i\000f\000i\000c\000a\000t\000i\000o\000n\000\040\000a\000n\000d\000\040\000F\000e\000e\000d\000\040\000S\000e\000p\000a\000r\000a\000t\000i\000o\000n}{}% 28
\BOOKMARK [1][-]{section.12}{\376\377\000P\000e\000r\000s\000i\000s\000t\000e\000n\000c\000e}{}% 29
\BOOKMARK [2][-]{subsection.12.1}{\376\377\000R\000e\000f\000c\000a\000l\000\040\000S\000i\000d\000e\000c\000a\000r}{section.12}% 30
\BOOKMARK [2][-]{subsection.12.2}{\376\377\000D\000a\000i\000l\000y\000\040\000M\000o\000d\000e\000l\000\040\000N\000P\000Z\000\040\000E\000x\000p\000o\000r\000t}{section.12}% 31
\BOOKMARK [1][-]{section.13}{\376\377\000F\000r\000o\000n\000t\000e\000n\000d\000\040\000P\000a\000y\000l\000o\000a\000d\000\040\000A\000r\000c\000h\000i\000t\000e\000c\000t\000u\000r\000e}{}% 32
\BOOKMARK [1][-]{section.14}{\376\377\000R\000e\000c\000o\000m\000m\000e\000n\000d\000e\000d\000\040\000O\000p\000e\000r\000a\000t\000o\000r\000\040\000W\000o\000r\000k\000f\000l\000o\000w}{}% 33
\BOOKMARK [2][-]{subsection.14.1}{\376\377\000H\000i\000g\000h\000\040\000F\000e\000e\000d}{section.14}% 34
\BOOKMARK [2][-]{subsection.14.2}{\376\377\000L\000o\000w\000\040\000F\000e\000e\000d}{section.14}% 35
\BOOKMARK [1][-]{section.15}{\376\377\000K\000n\000o\000w\000n\000\040\000B\000o\000u\000n\000d\000a\000r\000i\000e\000s}{}% 36
\BOOKMARK [1][-]{section.16}{\376\377\000F\000i\000l\000e\000\040\000M\000a\000p}{}% 37
\BOOKMARK [1][-]{section.17}{\376\377\000S\000u\000m\000m\000a\000r\000y}{}% 38
